<?xml version="1.0" encoding="UTF-8"?>
<!-- Generated by org.testng.reporters.JUnitReportReporter -->
<testsuite hostname="DESKTOP-I27NA7P" failures="0" tests="1" name="com.qa.tests.Testone" time="36.062" errors="0" timestamp="17 Oct 2022 03:08:49 GMT" skipped="0">
  <testcase classname="com.qa.tests.Testone" name="test" time="36.062"/>
</testsuite> <!-- com.qa.tests.Testone -->
