<?xml version="1.0" encoding="UTF-8"?>
<!-- Generated by org.testng.reporters.JUnitReportReporter -->
<testsuite hostname="DESKTOP-I27NA7P" failures="0" tests="5" name="com.qa.tests.Addproductstowishlist" time="20.724" errors="0" timestamp="09 Nov 2022 06:47:06 GMT" skipped="0">
  <testcase classname="com.qa.tests.Addproductstowishlist" name="verifysearch" time="4.183"/>
  <testcase classname="com.qa.tests.Addproductstowishlist" name="verifysearch" time="4.455"/>
  <testcase classname="com.qa.tests.Addproductstowishlist" name="verifysearch" time="5.926"/>
  <testcase classname="com.qa.tests.Addproductstowishlist" name="verifysearch" time="2.893"/>
  <testcase classname="com.qa.tests.Addproductstowishlist" name="verifysearch" time="3.267"/>
</testsuite> <!-- com.qa.tests.Addproductstowishlist -->
