<?xml version="1.0" encoding="UTF-8"?>
<!-- Generated by org.testng.reporters.JUnitReportReporter -->
<testsuite hostname="DESKTOP-I27NA7P" failures="0" tests="1" name="com.qa.tests.Validatefromtowithprice" time="2.105" errors="0" timestamp="20 Oct 2022 05:04:27 GMT" skipped="0">
  <testcase classname="com.qa.tests.Validatefromtowithprice" name="validateprice" time="2.105"/>
</testsuite> <!-- com.qa.tests.Validatefromtowithprice -->
