<?xml version="1.0" encoding="UTF-8"?>
<!-- Generated by org.testng.reporters.JUnitReportReporter -->
<testsuite hostname="DESKTOP-I27NA7P" failures="0" tests="1" name="com.qa.tests.validatequickview" time="38.599" errors="0" timestamp="08 Nov 2022 09:26:36 GMT" skipped="0">
  <testcase classname="com.qa.tests.validatequickview" name="validatehighlow" time="38.599"/>
</testsuite> <!-- com.qa.tests.validatequickview -->
