<?xml version="1.0" encoding="UTF-8"?>
<!-- Generated by org.testng.reporters.JUnitReportReporter -->
<testsuite hostname="DESKTOP-I27NA7P" failures="0" tests="1" name="com.qa.tests.Validatefromwithprice" time="2.022" errors="0" timestamp="20 Oct 2022 04:45:51 GMT" skipped="0">
  <testcase classname="com.qa.tests.Validatefromwithprice" name="validateprice" time="2.022"/>
</testsuite> <!-- com.qa.tests.Validatefromwithprice -->
