<?xml version="1.0" encoding="UTF-8"?>
<!-- Generated by org.testng.reporters.JUnitReportReporter -->
<testsuite hostname="DESKTOP-I27NA7P" failures="0" tests="1" name="com.qa.tests.Wishlisttest" time="14.336" errors="0" timestamp="08 Nov 2022 08:52:03 GMT" skipped="0">
  <testcase classname="com.qa.tests.Wishlisttest" name="validatewishlist" time="14.336"/>
</testsuite> <!-- com.qa.tests.Wishlisttest -->
