<?xml version="1.0" encoding="UTF-8"?>
<!-- Generated by org.testng.reporters.JUnitReportReporter -->
<testsuite hostname="DESKTOP-I27NA7P" failures="0" tests="1" name="com.qa.tests.clickcoloronebyone" time="27.524" errors="0" timestamp="22 Oct 2022 17:29:16 GMT" skipped="0">
  <testcase classname="com.qa.tests.clickcoloronebyone" name="clickcoloronebyone" time="27.524"/>
</testsuite> <!-- com.qa.tests.clickcoloronebyone -->
