<?xml version="1.0" encoding="UTF-8"?>
<!-- Generated by org.testng.reporters.JUnitReportReporter -->
<testsuite hostname="DESKTOP-I27NA7P" failures="0" tests="1" name="com.qa.tests.Printprice" time="2.640" errors="0" timestamp="31 Oct 2022 11:07:12 GMT" skipped="0">
  <testcase classname="com.qa.tests.Printprice" name="validateprice" time="2.640"/>
</testsuite> <!-- com.qa.tests.Printprice -->
