<?xml version="1.0" encoding="UTF-8"?>
<!-- Generated by org.testng.reporters.JUnitReportReporter -->
<testsuite hostname="DESKTOP-I27NA7P" failures="0" tests="1" name="com.qa.tests.Testoneproductgrea" time="32.341" errors="0" timestamp="10 Nov 2022 13:02:24 GMT" skipped="0">
  <testcase classname="com.qa.tests.Testoneproductgrea" name="great" time="32.341"/>
</testsuite> <!-- com.qa.tests.Testoneproductgrea -->
