<?xml version="1.0" encoding="UTF-8"?>
<!-- Generated by org.testng.reporters.JUnitReportReporter -->
<testsuite hostname="DESKTOP-I27NA7P" failures="0" tests="1" name="com.qa.tests.sortthepriceascdes" time="9.679" errors="0" timestamp="09 Nov 2022 18:38:10 GMT" skipped="0">
  <testcase classname="com.qa.tests.sortthepriceascdes" name="validatehighlow" time="9.679"/>
</testsuite> <!-- com.qa.tests.sortthepriceascdes -->
