<?xml version="1.0" encoding="UTF-8"?>
<!-- Generated by org.testng.reporters.JUnitReportReporter -->
<testsuite hostname="DESKTOP-I27NA7P" failures="0" tests="1" name="com.qa.tests.Addtocart" time="15.603" errors="0" timestamp="16 Oct 2022 09:56:07 GMT" skipped="0">
  <testcase classname="com.qa.tests.Addtocart" name="validateAddtocart" time="15.603"/>
</testsuite> <!-- com.qa.tests.Addtocart -->
