<?xml version="1.0" encoding="UTF-8"?>
<!-- Generated by org.testng.reporters.JUnitReportReporter -->
<testsuite hostname="DESKTOP-I27NA7P" failures="0" tests="3" name="com.qa.tests.Logintest" time="9.290" errors="0" timestamp="09 Nov 2022 03:48:55 GMT" skipped="1">
  <testcase classname="com.qa.tests.Logintest" name="login" time="5.193"/>
  <testcase classname="com.qa.tests.Logintest" name="clearcartifpresent" time="4.097"/>
  <testcase classname="com.qa.tests.Logintest" name="clickanylinkvalidatetotal">
    <skipped/>
  </testcase> <!-- clickanylinkvalidatetotal -->
</testsuite> <!-- com.qa.tests.Logintest -->
