<?xml version="1.0" encoding="UTF-8"?>
<!-- Generated by org.testng.reporters.JUnitReportReporter -->
<testsuite hostname="DESKTOP-I27NA7P" failures="0" tests="1" name="com.qa.tests.Validatecompare" time="132.399" errors="0" timestamp="31 Oct 2022 11:13:31 GMT" skipped="0">
  <testcase classname="com.qa.tests.Validatecompare" name="validatecompare" time="132.399"/>
</testsuite> <!-- com.qa.tests.Validatecompare -->
