<?xml version="1.0" encoding="UTF-8"?>
<!-- Generated by org.testng.reporters.JUnitReportReporter -->
<testsuite hostname="DESKTOP-I27NA7P" failures="0" tests="1" name="com.qa.tests.validatecountinsofas" time="35.984" errors="0" timestamp="24 Oct 2022 00:30:00 GMT" skipped="0">
  <testcase classname="com.qa.tests.validatecountinsofas" name="validatecount" time="35.984"/>
</testsuite> <!-- com.qa.tests.validatecountinsofas -->
