<?xml version="1.0" encoding="UTF-8"?>
<!-- Generated by org.testng.reporters.JUnitReportReporter -->
<testsuite hostname="DESKTOP-I27NA7P" failures="0" tests="1" name="com.qa.tests.Testone" time="37.041" errors="0" timestamp="18 Oct 2022 16:21:57 GMT" skipped="0">
  <testcase classname="com.qa.tests.Testone" name="test" time="37.041"/>
</testsuite> <!-- com.qa.tests.Testone -->
